<?xml version="1.0" encoding="UTF-8"?>
<!-- Generated by org.testng.reporters.JUnitReportReporter -->
<testsuite hostname="DESKTOP-PNOATFI" failures="0" tests="6" name="Library.validation" time="15.330" errors="0" timestamp="2025-02-17T20:03:58 IST" skipped="0">
  <testcase classname="Library.validation" name="addBook" time="13.707"/>
  <testcase classname="Library.validation" name="deleteBook" time="0.245"/>
  <testcase classname="Library.validation" name="deleteBook" time="0.372"/>
  <testcase classname="Library.validation" name="deleteBook" time="0.219"/>
  <testcase classname="Library.validation" name="addBook" time="0.419"/>
  <testcase classname="Library.validation" name="addBook" time="0.368"/>
</testsuite> <!-- Library.validation -->
