<?xml version="1.0" encoding="UTF-8"?>
<!-- Generated by org.testng.reporters.JUnitReportReporter -->
<testsuite hostname="DESKTOP-PNOATFI" failures="0" tests="1" name="SumValidation" time="3.983" errors="0" timestamp="2025-02-15T20:11:37 IST" skipped="0">
  <testcase classname="SumValidation" name="sumOfCourses" time="3.983"/>
</testsuite> <!-- SumValidation -->
